# JRE version: OpenJDK Runtime Environment Temurin-21.0.8+9 (21.0.8+9) (build 21.0.8+9-LTS)
# Java VM: OpenJDK 64-Bit Server VM Temurin-21.0.8+9 (21.0.8+9-LTS, mixed mode, sharing, tiered, compressed oops, compressed class ptrs, parallel gc, windows-amd64)
GC Precious Log:
 CardTable entry size: 512
 CPUs: 8 total, 8 available
 Memory: 8067M
 Large Page Support: Disabled
 NUMA Support: Disabled
 Compressed Oops: Enabled (32-bit)
 Alignments: Space 512K, Generation 512K, Heap 2M
 Heap Min Capacity: 100M
 Heap Initial Capacity: 100M
 Heap Max Capacity: 2G
 Pre-touch: Disabled
 Parallel Workers: 8
Heap:
 PSYoungGen      total 5120K, used 3071K [0x00000000d5580000, 0x00000000d5c80000, 0x0000000100000000)
  eden space 3072K, 45% used [0x00000000d5580000,0x00000000d56dfec0,0x00000000d5880000)
  from space 2048K, 81% used [0x00000000d5880000,0x00000000d5a20000,0x00000000d5a80000)
  to   space 2048K, 0% used [0x00000000d5a80000,0x00000000d5a80000,0x00000000d5c80000)
 ParOldGen       total 489472K, used 489266K [0x0000000080000000, 0x000000009de00000, 0x00000000d5580000)
  object space 489472K, 99% used [0x0000000080000000,0x000000009ddcc928,0x000000009de00000)
 Metaspace       used 57158K, committed 58432K, reserved 1114112K
  class space    used 6258K, committed 6784K, reserved 1048576K
GC Heap History (20 events):
Event: 44.890 GC heap before
{Heap before GC invocations=336 (full 2):
 PSYoungGen      total 6656K, used 6656K [0x00000000d5580000, 0x00000000d6780000, 0x0000000100000000)
  eden space 4096K, 100% used [0x00000000d5580000,0x00000000d5980000,0x00000000d5980000)
  from space 2560K, 100% used [0x00000000d5980000,0x00000000d5c00000,0x00000000d5c00000)
  to   space 6656K, 0% used [0x00000000d6100000,0x00000000d6100000,0x00000000d6780000)
 ParOldGen       total 465408K, used 465002K [0x0000000080000000, 0x000000009c680000, 0x00000000d5580000)
  object space 465408K, 99% used [0x0000000080000000,0x000000009c61a928,0x000000009c680000)
 Metaspace       used 57000K, committed 58304K, reserved 1114112K
  class space    used 6248K, committed 6784K, reserved 1048576K
}
Event: 44.896 GC heap after
{Heap after GC invocations=336 (full 2):
 PSYoungGen      total 8704K, used 3232K [0x00000000d5580000, 0x00000000d6480000, 0x0000000100000000)
  eden space 5120K, 0% used [0x00000000d5580000,0x00000000d5580000,0x00000000d5a80000)
  from space 3584K, 90% used [0x00000000d6100000,0x00000000d6428000,0x00000000d6480000)
  to   space 4096K, 0% used [0x00000000d5c80000,0x00000000d5c80000,0x00000000d6080000)
 ParOldGen       total 467968K, used 467570K [0x0000000080000000, 0x000000009c900000, 0x00000000d5580000)
  object space 467968K, 99% used [0x0000000080000000,0x000000009c89c928,0x000000009c900000)
 Metaspace       used 57000K, committed 58304K, reserved 1114112K
  class space    used 6248K, committed 6784K, reserved 1048576K
}
Event: 44.911 GC heap before
{Heap before GC invocations=337 (full 2):
 PSYoungGen      total 8704K, used 8352K [0x00000000d5580000, 0x00000000d6480000, 0x0000000100000000)
  eden space 5120K, 100% used [0x00000000d5580000,0x00000000d5a80000,0x00000000d5a80000)
  from space 3584K, 90% used [0x00000000d6100000,0x00000000d6428000,0x00000000d6480000)
  to   space 4096K, 0% used [0x00000000d5c80000,0x00000000d5c80000,0x00000000d6080000)
 ParOldGen       total 467968K, used 467570K [0x0000000080000000, 0x000000009c900000, 0x00000000d5580000)
  object space 467968K, 99% used [0x0000000080000000,0x000000009c89c928,0x000000009c900000)
 Metaspace       used 57000K, committed 58304K, reserved 1114112K
  class space    used 6248K, committed 6784K, reserved 1048576K
}
Event: 44.919 GC heap after
{Heap after GC invocations=337 (full 2):
 PSYoungGen      total 10240K, used 4032K [0x00000000d5580000, 0x00000000d6480000, 0x0000000100000000)
  eden space 6144K, 0% used [0x00000000d5580000,0x00000000d5580000,0x00000000d5b80000)
  from space 4096K, 98% used [0x00000000d5c80000,0x00000000d6070000,0x00000000d6080000)
  to   space 4096K, 0% used [0x00000000d6080000,0x00000000d6080000,0x00000000d6480000)
 ParOldGen       total 471040K, used 470738K [0x0000000080000000, 0x000000009cc00000, 0x00000000d5580000)
  object space 471040K, 99% used [0x0000000080000000,0x000000009cbb4928,0x000000009cc00000)
 Metaspace       used 57000K, committed 58304K, reserved 1114112K
  class space    used 6248K, committed 6784K, reserved 1048576K
}
Event: 44.945 GC heap before
{Heap before GC invocations=338 (full 2):
 PSYoungGen      total 10240K, used 10176K [0x00000000d5580000, 0x00000000d6480000, 0x0000000100000000)
  eden space 6144K, 100% used [0x00000000d5580000,0x00000000d5b80000,0x00000000d5b80000)
  from space 4096K, 98% used [0x00000000d5c80000,0x00000000d6070000,0x00000000d6080000)
  to   space 4096K, 0% used [0x00000000d6080000,0x00000000d6080000,0x00000000d6480000)
 ParOldGen       total 471040K, used 470738K [0x0000000080000000, 0x000000009cc00000, 0x00000000d5580000)
  object space 471040K, 99% used [0x0000000080000000,0x000000009cbb4928,0x000000009cc00000)
 Metaspace       used 57000K, committed 58304K, reserved 1114112K
  class space    used 6248K, committed 6784K, reserved 1048576K
}
Event: 44.955 GC heap after
{Heap after GC invocations=338 (full 2):
 PSYoungGen      total 5632K, used 4096K [0x00000000d5580000, 0x00000000d7000000, 0x0000000100000000)
  eden space 1536K, 0% used [0x00000000d5580000,0x00000000d5580000,0x00000000d5700000)
  from space 4096K, 100% used [0x00000000d6080000,0x00000000d6480000,0x00000000d6480000)
  to   space 9728K, 0% used [0x00000000d5700000,0x00000000d5700000,0x00000000d6080000)
 ParOldGen       total 475648K, used 475274K [0x0000000080000000, 0x000000009d080000, 0x00000000d5580000)
  object space 475648K, 99% used [0x0000000080000000,0x000000009d022928,0x000000009d080000)
 Metaspace       used 57000K, committed 58304K, reserved 1114112K
  class space    used 6248K, committed 6784K, reserved 1048576K
}
Event: 44.970 GC heap before
{Heap before GC invocations=339 (full 2):
 PSYoungGen      total 5632K, used 5632K [0x00000000d5580000, 0x00000000d7000000, 0x0000000100000000)
  eden space 1536K, 100% used [0x00000000d5580000,0x00000000d5700000,0x00000000d5700000)
  from space 4096K, 100% used [0x00000000d6080000,0x00000000d6480000,0x00000000d6480000)
  to   space 9728K, 0% used [0x00000000d5700000,0x00000000d5700000,0x00000000d6080000)
 ParOldGen       total 475648K, used 475274K [0x0000000080000000, 0x000000009d080000, 0x00000000d5580000)
  object space 475648K, 99% used [0x0000000080000000,0x000000009d022928,0x000000009d080000)
 Metaspace       used 57000K, committed 58304K, reserved 1114112K
  class space    used 6248K, committed 6784K, reserved 1048576K
}
Event: 44.979 GC heap after
{Heap after GC invocations=339 (full 2):
 PSYoungGen      total 3072K, used 1248K [0x00000000d5580000, 0x00000000d6100000, 0x0000000100000000)
  eden space 1536K, 0% used [0x00000000d5580000,0x00000000d5580000,0x00000000d5700000)
  from space 1536K, 81% used [0x00000000d5700000,0x00000000d5838000,0x00000000d5880000)
  to   space 4096K, 0% used [0x00000000d5d00000,0x00000000d5d00000,0x00000000d6100000)
 ParOldGen       total 479744K, used 479418K [0x0000000080000000, 0x000000009d480000, 0x00000000d5580000)
  object space 479744K, 99% used [0x0000000080000000,0x000000009d42e928,0x000000009d480000)
 Metaspace       used 57000K, committed 58304K, reserved 1114112K
  class space    used 6248K, committed 6784K, reserved 1048576K
}
Event: 45.042 GC heap before
{Heap before GC invocations=340 (full 2):
 PSYoungGen      total 3072K, used 2784K [0x00000000d5580000, 0x00000000d6100000, 0x0000000100000000)
  eden space 1536K, 100% used [0x00000000d5580000,0x00000000d5700000,0x00000000d5700000)
  from space 1536K, 81% used [0x00000000d5700000,0x00000000d5838000,0x00000000d5880000)
  to   space 4096K, 0% used [0x00000000d5d00000,0x00000000d5d00000,0x00000000d6100000)
 ParOldGen       total 479744K, used 479418K [0x0000000080000000, 0x000000009d480000, 0x00000000d5580000)
  object space 479744K, 99% used [0x0000000080000000,0x000000009d42e928,0x000000009d480000)
 Metaspace       used 57000K, committed 58304K, reserved 1114112K
  class space    used 6248K, committed 6784K, reserved 1048576K
}
Event: 45.047 GC heap after
{Heap after GC invocations=340 (full 2):
 PSYoungGen      total 3584K, used 1216K [0x00000000d5580000, 0x00000000d5e80000, 0x0000000100000000)
  eden space 2048K, 0% used [0x00000000d5580000,0x00000000d5580000,0x00000000d5780000)
  from space 1536K, 79% used [0x00000000d5d00000,0x00000000d5e30000,0x00000000d5e80000)
  to   space 2048K, 0% used [0x00000000d5a80000,0x00000000d5a80000,0x00000000d5c80000)
 ParOldGen       total 480768K, used 480578K [0x0000000080000000, 0x000000009d580000, 0x00000000d5580000)
  object space 480768K, 99% used [0x0000000080000000,0x000000009d550928,0x000000009d580000)
 Metaspace       used 57000K, committed 58304K, reserved 1114112K
  class space    used 6248K, committed 6784K, reserved 1048576K
}
Event: 45.071 GC heap before
{Heap before GC invocations=341 (full 2):
 PSYoungGen      total 3584K, used 3264K [0x00000000d5580000, 0x00000000d5e80000, 0x0000000100000000)
  eden space 2048K, 100% used [0x00000000d5580000,0x00000000d5780000,0x00000000d5780000)
  from space 1536K, 79% used [0x00000000d5d00000,0x00000000d5e30000,0x00000000d5e80000)
  to   space 2048K, 0% used [0x00000000d5a80000,0x00000000d5a80000,0x00000000d5c80000)
 ParOldGen       total 480768K, used 480578K [0x0000000080000000, 0x000000009d580000, 0x00000000d5580000)
  object space 480768K, 99% used [0x0000000080000000,0x000000009d550928,0x000000009d580000)
 Metaspace       used 57000K, committed 58304K, reserved 1114112K
  class space    used 6248K, committed 6784K, reserved 1048576K
}
Event: 45.075 GC heap after
{Heap after GC invocations=341 (full 2):
 PSYoungGen      total 4608K, used 1696K [0x00000000d5580000, 0x00000000d5d80000, 0x0000000100000000)
  eden space 2560K, 0% used [0x00000000d5580000,0x00000000d5580000,0x00000000d5800000)
  from space 2048K, 82% used [0x00000000d5a80000,0x00000000d5c28000,0x00000000d5c80000)
  to   space 1024K, 0% used [0x00000000d5c80000,0x00000000d5c80000,0x00000000d5d80000)
 ParOldGen       total 481792K, used 481762K [0x0000000080000000, 0x000000009d680000, 0x00000000d5580000)
  object space 481792K, 99% used [0x0000000080000000,0x000000009d678928,0x000000009d680000)
 Metaspace       used 57000K, committed 58304K, reserved 1114112K
  class space    used 6248K, committed 6784K, reserved 1048576K
}
Event: 45.103 GC heap before
{Heap before GC invocations=342 (full 2):
 PSYoungGen      total 4608K, used 4256K [0x00000000d5580000, 0x00000000d5d80000, 0x0000000100000000)
  eden space 2560K, 100% used [0x00000000d5580000,0x00000000d5800000,0x00000000d5800000)
  from space 2048K, 82% used [0x00000000d5a80000,0x00000000d5c28000,0x00000000d5c80000)
  to   space 1024K, 0% used [0x00000000d5c80000,0x00000000d5c80000,0x00000000d5d80000)
 ParOldGen       total 481792K, used 481762K [0x0000000080000000, 0x000000009d680000, 0x00000000d5580000)
  object space 481792K, 99% used [0x0000000080000000,0x000000009d678928,0x000000009d680000)
 Metaspace       used 57000K, committed 58304K, reserved 1114112K
  class space    used 6248K, committed 6784K, reserved 1048576K
}
Event: 45.108 GC heap after
{Heap after GC invocations=342 (full 2):
 PSYoungGen      total 3584K, used 1024K [0x00000000d5580000, 0x00000000d6000000, 0x0000000100000000)
  eden space 2560K, 0% used [0x00000000d5580000,0x00000000d5580000,0x00000000d5800000)
  from space 1024K, 100% used [0x00000000d5c80000,0x00000000d5d80000,0x00000000d5d80000)
  to   space 4096K, 0% used [0x00000000d5800000,0x00000000d5800000,0x00000000d5c00000)
 ParOldGen       total 484352K, used 484266K [0x0000000080000000, 0x000000009d900000, 0x00000000d5580000)
  object space 484352K, 99% used [0x0000000080000000,0x000000009d8ea928,0x000000009d900000)
 Metaspace       used 57000K, committed 58304K, reserved 1114112K
  class space    used 6248K, committed 6784K, reserved 1048576K
}
Event: 45.126 GC heap before
{Heap before GC invocations=343 (full 2):
 PSYoungGen      total 3584K, used 3584K [0x00000000d5580000, 0x00000000d6000000, 0x0000000100000000)
  eden space 2560K, 100% used [0x00000000d5580000,0x00000000d5800000,0x00000000d5800000)
  from space 1024K, 100% used [0x00000000d5c80000,0x00000000d5d80000,0x00000000d5d80000)
  to   space 4096K, 0% used [0x00000000d5800000,0x00000000d5800000,0x00000000d5c00000)
 ParOldGen       total 484352K, used 484266K [0x0000000080000000, 0x000000009d900000, 0x00000000d5580000)
  object space 484352K, 99% used [0x0000000080000000,0x000000009d8ea928,0x000000009d900000)
 Metaspace       used 57000K, committed 58304K, reserved 1114112K
  class space    used 6248K, committed 6784K, reserved 1048576K
}
Event: 45.130 GC heap after
{Heap after GC invocations=343 (full 2):
 PSYoungGen      total 4608K, used 2048K [0x00000000d5580000, 0x00000000d5e00000, 0x0000000100000000)
  eden space 2560K, 0% used [0x00000000d5580000,0x00000000d5580000,0x00000000d5800000)
  from space 2048K, 100% used [0x00000000d5800000,0x00000000d5a00000,0x00000000d5a00000)
  to   space 3072K, 0% used [0x00000000d5b00000,0x00000000d5b00000,0x00000000d5e00000)
 ParOldGen       total 485376K, used 485314K [0x0000000080000000, 0x000000009da00000, 0x00000000d5580000)
  object space 485376K, 99% used [0x0000000080000000,0x000000009d9f0928,0x000000009da00000)
 Metaspace       used 57000K, committed 58304K, reserved 1114112K
  class space    used 6248K, committed 6784K, reserved 1048576K
}
Event: 45.140 GC heap before
{Heap before GC invocations=344 (full 2):
 PSYoungGen      total 4608K, used 4608K [0x00000000d5580000, 0x00000000d5e00000, 0x0000000100000000)
  eden space 2560K, 100% used [0x00000000d5580000,0x00000000d5800000,0x00000000d5800000)
  from space 2048K, 100% used [0x00000000d5800000,0x00000000d5a00000,0x00000000d5a00000)
  to   space 3072K, 0% used [0x00000000d5b00000,0x00000000d5b00000,0x00000000d5e00000)
 ParOldGen       total 485376K, used 485314K [0x0000000080000000, 0x000000009da00000, 0x00000000d5580000)
  object space 485376K, 99% used [0x0000000080000000,0x000000009d9f0928,0x000000009da00000)
 Metaspace       used 57000K, committed 58304K, reserved 1114112K
  class space    used 6248K, committed 6784K, reserved 1048576K
}
Event: 45.145 GC heap after
{Heap after GC invocations=344 (full 2):
 PSYoungGen      total 5632K, used 2080K [0x00000000d5580000, 0x00000000d5d80000, 0x0000000100000000)
  eden space 3072K, 0% used [0x00000000d5580000,0x00000000d5580000,0x00000000d5880000)
  from space 2560K, 81% used [0x00000000d5b00000,0x00000000d5d08000,0x00000000d5d80000)
  to   space 2560K, 0% used [0x00000000d5880000,0x00000000d5880000,0x00000000d5b00000)
 ParOldGen       total 487424K, used 487266K [0x0000000080000000, 0x000000009dc00000, 0x00000000d5580000)
  object space 487424K, 99% used [0x0000000080000000,0x000000009dbd8928,0x000000009dc00000)
 Metaspace       used 57000K, committed 58304K, reserved 1114112K
  class space    used 6248K, committed 6784K, reserved 1048576K
}
Event: 2103.424 GC heap before
{Heap before GC invocations=345 (full 2):
 PSYoungGen      total 5632K, used 5152K [0x00000000d5580000, 0x00000000d5d80000, 0x0000000100000000)
  eden space 3072K, 100% used [0x00000000d5580000,0x00000000d5880000,0x00000000d5880000)
  from space 2560K, 81% used [0x00000000d5b00000,0x00000000d5d08000,0x00000000d5d80000)
  to   space 2560K, 0% used [0x00000000d5880000,0x00000000d5880000,0x00000000d5b00000)
 ParOldGen       total 487424K, used 487266K [0x0000000080000000, 0x000000009dc00000, 0x00000000d5580000)
  object space 487424K, 99% used [0x0000000080000000,0x000000009dbd8928,0x000000009dc00000)
 Metaspace       used 57091K, committed 58368K, reserved 1114112K
  class space    used 6258K, committed 6784K, reserved 1048576K
}
Event: 2103.675 GC heap after
{Heap after GC invocations=345 (full 2):
 PSYoungGen      total 5120K, used 1664K [0x00000000d5580000, 0x00000000d5c80000, 0x0000000100000000)
  eden space 3072K, 0% used [0x00000000d5580000,0x00000000d5580000,0x00000000d5880000)
  from space 2048K, 81% used [0x00000000d5880000,0x00000000d5a20000,0x00000000d5a80000)
  to   space 2048K, 0% used [0x00000000d5a80000,0x00000000d5a80000,0x00000000d5c80000)
 ParOldGen       total 489472K, used 489266K [0x0000000080000000, 0x000000009de00000, 0x00000000d5580000)
  object space 489472K, 99% used [0x0000000080000000,0x000000009ddcc928,0x000000009de00000)
 Metaspace       used 57091K, committed 58368K, reserved 1114112K
  class space    used 6258K, committed 6784K, reserved 1048576K
}

